{
  "stats": {
    "suites": 1,
    "tests": 1,
    "passes": 1,
    "pending": 0,
    "failures": 0,
    "start": "2023-02-28T16:36:21.785Z",
    "end": "2023-02-28T16:36:22.666Z",
    "duration": 881,
    "testsRegistered": 1,
    "passPercent": 100,
    "pendingPercent": 0,
    "other": 0,
    "hasOther": false,
    "skipped": 0,
    "hasSkipped": false
  },
  "results": [
    {
      "uuid": "2baa8f6f-d93a-49de-a986-3774964a5aa7",
      "title": "",
      "fullFile": "cypress/api-test/post/deleteRequest.cy.js",
      "file": "cypress/api-test/post/deleteRequest.cy.js",
      "beforeHooks": [],
      "afterHooks": [],
      "tests": [],
      "suites": [
        {
          "uuid": "d9abcfb8-ae02-4c7e-a850-106dfeff3235",
          "title": "Delete request",
          "fullFile": "",
          "file": "",
          "beforeHooks": [],
          "afterHooks": [],
          "tests": [
            {
              "title": "It should be able to send delete method",
              "fullTitle": "Delete request It should be able to send delete method",
              "timedOut": null,
              "duration": 849,
              "state": "passed",
              "speed": "fast",
              "pass": true,
              "fail": false,
              "pending": false,
              "context": null,
              "code": "cy.request({\n  method: 'DELETE',\n  url: \"https://jsonplaceholder.typicode.com/posts/1\"\n}).then(res => {\n  let {\n    status\n  } = res;\n  cy.log(JSON.stringify(res));\n  expect(status).to.equal(200, 'Verify delete successfully');\n});",
              "err": {},
              "uuid": "d5f6a71e-15dc-4412-bb00-04a086968e4e",
              "parentUUID": "d9abcfb8-ae02-4c7e-a850-106dfeff3235",
              "isHook": false,
              "skipped": false
            }
          ],
          "suites": [],
          "passes": [
            "d5f6a71e-15dc-4412-bb00-04a086968e4e"
          ],
          "failures": [],
          "pending": [],
          "skipped": [],
          "duration": 849,
          "root": false,
          "rootEmpty": false,
          "_timeout": 2000
        }
      ],
      "passes": [],
      "failures": [],
      "pending": [],
      "skipped": [],
      "duration": 0,
      "root": true,
      "rootEmpty": true,
      "_timeout": 2000
    }
  ],
  "meta": {
    "mocha": {
      "version": "7.0.1"
    },
    "mochawesome": {
      "options": {
        "quiet": false,
        "reportFilename": "mochawesome",
        "saveHtml": false,
        "saveJson": true,
        "consoleReporter": "spec",
        "useInlineDiffs": false,
        "code": true
      },
      "version": "7.1.3"
    },
    "marge": {
      "options": {
        "reportDir": "results",
        "overwrite": false,
        "html": false,
        "json": true
      },
      "version": "6.2.0"
    }
  }
}