{
  "stats": {
    "suites": 1,
    "tests": 1,
    "passes": 1,
    "pending": 0,
    "failures": 0,
    "start": "2023-02-28T16:36:42.235Z",
    "end": "2023-02-28T16:36:42.913Z",
    "duration": 678,
    "testsRegistered": 1,
    "passPercent": 100,
    "pendingPercent": 0,
    "other": 0,
    "hasOther": false,
    "skipped": 0,
    "hasSkipped": false
  },
  "results": [
    {
      "uuid": "8708c3e9-76e5-449f-a13a-8b50e5050db4",
      "title": "",
      "fullFile": "cypress/api-test/post/putRequest.cy.js",
      "file": "cypress/api-test/post/putRequest.cy.js",
      "beforeHooks": [],
      "afterHooks": [],
      "tests": [],
      "suites": [
        {
          "uuid": "0a1b9adf-eaf1-4471-aba1-9cc183823315",
          "title": "Put request",
          "fullFile": "",
          "file": "",
          "beforeHooks": [],
          "afterHooks": [],
          "tests": [
            {
              "title": "Should be able to send put request",
              "fullTitle": "Put request Should be able to send put request",
              "timedOut": null,
              "duration": 648,
              "state": "passed",
              "speed": "fast",
              "pass": true,
              "fail": false,
              "pending": false,
              "context": null,
              "code": "let bodyReq = {\n  id: 1,\n  title: 'foo',\n  body: 'bar',\n  userId: 1\n};\n//let url = Cypress.env('BASE_URL') + '/posts/1'\ncy.request({\n  method: 'PUT',\n  header: {\n    'Content-type': 'application/json; charset=UTF-8'\n  },\n  body: bodyReq,\n  url: \"https://jsonplaceholder.typicode.com/posts/1\"\n}).then(res => {\n  let {\n    status\n  } = res;\n  expect(status).to.equal(200, 'Verify status');\n  let {\n    body\n  } = res.body;\n  expect(bodyReq.body).to.equal(body, 'Verify body');\n});",
              "err": {},
              "uuid": "7cf6e683-e666-4a19-b6bb-d8dd23285605",
              "parentUUID": "0a1b9adf-eaf1-4471-aba1-9cc183823315",
              "isHook": false,
              "skipped": false
            }
          ],
          "suites": [],
          "passes": [
            "7cf6e683-e666-4a19-b6bb-d8dd23285605"
          ],
          "failures": [],
          "pending": [],
          "skipped": [],
          "duration": 648,
          "root": false,
          "rootEmpty": false,
          "_timeout": 2000
        }
      ],
      "passes": [],
      "failures": [],
      "pending": [],
      "skipped": [],
      "duration": 0,
      "root": true,
      "rootEmpty": true,
      "_timeout": 2000
    }
  ],
  "meta": {
    "mocha": {
      "version": "7.0.1"
    },
    "mochawesome": {
      "options": {
        "quiet": false,
        "reportFilename": "mochawesome",
        "saveHtml": false,
        "saveJson": true,
        "consoleReporter": "spec",
        "useInlineDiffs": false,
        "code": true
      },
      "version": "7.1.3"
    },
    "marge": {
      "options": {
        "reportDir": "results",
        "overwrite": false,
        "html": false,
        "json": true
      },
      "version": "6.2.0"
    }
  }
}